<?xml version="1.0" encoding="UTF-8"?>
<testsuites name="New Test Suite1" time="16.693" tests="1" failures="0" errors="0">
   <testsuite name="New Test Suite1" tests="1" failures="0" errors="0" time="16.693" skipped="0" timestamp="2023-07-25 11:59:36" hostname="satyasai.samoju - INBL01LAP31245.brd.g-c-i.com" id="Test Suites/New Test Suite1">
      <properties>
         <property name="deviceName" value=""/>
         <property name="devicePlatform" value=""/>
         <property name="logFolder" value="C:\\Users\\satyasai.samoju\\git\\newrepo\\Reports\\20230725_115931\\New Test Suite1\\20230725_115931"/>
         <property name="logFiles" value="C:\\Users\\satyasai.samoju\\git\\newrepo\\Reports\\20230725_115931\\New Test Suite1\\20230725_115931\\execution0.log"/>
         <property name="attachments" value=""/>
         <property name="hostName" value="satyasai.samoju - INBL01LAP31245.brd.g-c-i.com"/>
         <property name="os" value="Windows 11 64bit"/>
         <property name="katalonVersion" value="8.6.5.208"/>
         <property name="browser" value="Chrome 114.0.0.0"/>
         <property name="hostAddress" value="192.168.1.50"/>
         <property name="sessionId" value="fc686e41d61aee234575ce1bc13dfd05"/>
         <property name="seleniumVersion" value="3.141.59"/>
         <property name="proxyInformation" value="ProxyInformation { proxyOption=NO_PROXY, proxyServerType=HTTP, username=, password=********, proxyServerAddress=, proxyServerPort=0, executionList=&quot;&quot;, isApplyToDesiredCapabilities=true }"/>
         <property name="platform" value="Windows 11"/>
      </properties>
      <testcase name="Test Cases/New Test Case" time="16.31" classname="Test Cases/New Test Case" status="PASSED">
         <system-out><![CDATA[2023-07-25 11:59:36 - [TEST_CASE][PASSED] - Test Cases/New Test Case: Test Cases/New Test Case

2023-07-25 11:59:36 - [TEST_STEP][PASSED] - openBrowser(""): Browser is opened with url: ''

2023-07-25 11:59:37 - [MESSAGE][INFO] - Starting 'Chrome' driver

2023-07-25 11:59:37 - [MESSAGE][INFO] - Action delay is set to 0 milliseconds

2023-07-25 11:59:44 - [MESSAGE][PASSED] - Browser is opened with url: ''

2023-07-25 11:59:44 - [TEST_STEP][PASSED] - navigateToUrl("https://www.google.com/"): Navigate to 'https://www.google.com/' successfully

2023-07-25 11:59:48 - [MESSAGE][PASSED] - Navigate to 'https://www.google.com/' successfully

2023-07-25 11:59:48 - [TEST_STEP][PASSED] - maximizeWindow(): Current window maximized

2023-07-25 11:59:48 - [MESSAGE][PASSED] - Current window maximized

2023-07-25 11:59:48 - [TEST_STEP][PASSED] - delay(3): Delayed 3 second(s)

2023-07-25 11:59:51 - [MESSAGE][PASSED] - Delayed 3 second(s)

2023-07-25 11:59:51 - [TEST_STEP][PASSED] - closeBrowser(): Browser is closed

2023-07-25 11:59:52 - [MESSAGE][PASSED] - Browser is closed]]></system-out>
         <system-err><![CDATA[]]></system-err>
      </testcase>
      <system-out><![CDATA[2023-07-25 11:59:36 - [TEST_SUITE][PASSED] - New Test Suite1: Test Cases/New Test Case]]></system-out>
      <system-err><![CDATA[]]></system-err>
   </testsuite>
</testsuites>
